  [1m[36m (1.0ms)[0m  [1mCREATE TABLE "schema_migrations" ("version" varchar NOT NULL) [0m
  [1m[35m (0.0ms)[0m  select sqlite_version(*)
  [1m[36m (0.8ms)[0m  [1mCREATE UNIQUE INDEX "unique_schema_migrations" ON "schema_migrations" ("version")[0m
  [1m[35mActiveRecord::SchemaMigration Load (0.1ms)[0m  SELECT "schema_migrations".* FROM "schema_migrations"
Migrating to DeviseCreateUsers (20150611013649)
  [1m[36m (0.1ms)[0m  [1mbegin transaction[0m
  [1m[35m (0.4ms)[0m  CREATE TABLE "users" ("id" INTEGER PRIMARY KEY AUTOINCREMENT NOT NULL, "email" varchar DEFAULT '' NOT NULL, "encrypted_password" varchar DEFAULT '' NOT NULL, "reset_password_token" varchar, "reset_password_sent_at" datetime, "remember_created_at" datetime, "sign_in_count" integer DEFAULT 0 NOT NULL, "current_sign_in_at" datetime, "last_sign_in_at" datetime, "current_sign_in_ip" varchar, "last_sign_in_ip" varchar, "created_at" datetime NOT NULL, "updated_at" datetime NOT NULL) 
  [1m[36m (0.9ms)[0m  [1mCREATE UNIQUE INDEX "index_users_on_email" ON "users" ("email")[0m
  [1m[35m (0.1ms)[0m              SELECT sql
            FROM sqlite_master
            WHERE name='index_users_on_email' AND type='index'
            UNION ALL
            SELECT sql
            FROM sqlite_temp_master
            WHERE name='index_users_on_email' AND type='index'

  [1m[36m (0.1ms)[0m  [1mCREATE UNIQUE INDEX "index_users_on_reset_password_token" ON "users" ("reset_password_token")[0m
  [1m[35mSQL (0.1ms)[0m  INSERT INTO "schema_migrations" ("version") VALUES (?)  [["version", "20150611013649"]]
  [1m[36m (1.0ms)[0m  [1mcommit transaction[0m
Migrating to AddNameToUsers (20150611013651)
  [1m[35m (0.0ms)[0m  begin transaction
  [1m[36m (0.3ms)[0m  [1mALTER TABLE "users" ADD "name" varchar[0m
  [1m[35mSQL (0.1ms)[0m  INSERT INTO "schema_migrations" ("version") VALUES (?)  [["version", "20150611013651"]]
  [1m[36m (0.6ms)[0m  [1mcommit transaction[0m
Migrating to AddConfirmableToUsers (20150611013653)
  [1m[35m (0.0ms)[0m  begin transaction
  [1m[36m (0.3ms)[0m  [1mALTER TABLE "users" ADD "confirmation_token" varchar[0m
  [1m[35m (0.1ms)[0m  ALTER TABLE "users" ADD "confirmed_at" datetime
  [1m[36m (0.1ms)[0m  [1mALTER TABLE "users" ADD "confirmation_sent_at" datetime[0m
  [1m[35m (0.1ms)[0m  ALTER TABLE "users" ADD "unconfirmed_email" varchar
  [1m[36mSQL (0.1ms)[0m  [1mINSERT INTO "schema_migrations" ("version") VALUES (?)[0m  [["version", "20150611013653"]]
  [1m[35m (0.7ms)[0m  commit transaction
  [1m[36mActiveRecord::SchemaMigration Load (0.1ms)[0m  [1mSELECT "schema_migrations".* FROM "schema_migrations"[0m
  [1m[35m (0.1ms)[0m              SELECT sql
            FROM sqlite_master
            WHERE name='index_users_on_reset_password_token' AND type='index'
            UNION ALL
            SELECT sql
            FROM sqlite_temp_master
            WHERE name='index_users_on_reset_password_token' AND type='index'

  [1m[36m (0.1ms)[0m  [1m            SELECT sql
            FROM sqlite_master
            WHERE name='index_users_on_email' AND type='index'
            UNION ALL
            SELECT sql
            FROM sqlite_temp_master
            WHERE name='index_users_on_email' AND type='index'
[0m
  [1m[36mActiveRecord::SchemaMigration Load (0.1ms)[0m  [1mSELECT "schema_migrations".* FROM "schema_migrations"[0m
Migrating to AddRoleToUsers (20150611013657)
  [1m[35m (0.1ms)[0m  begin transaction
  [1m[36m (0.4ms)[0m  [1mALTER TABLE "users" ADD "role" integer[0m
  [1m[35mSQL (0.1ms)[0m  INSERT INTO "schema_migrations" ("version") VALUES (?)  [["version", "20150611013657"]]
  [1m[36m (0.8ms)[0m  [1mcommit transaction[0m
  [1m[35mActiveRecord::SchemaMigration Load (0.1ms)[0m  SELECT "schema_migrations".* FROM "schema_migrations"
  [1m[36m (0.1ms)[0m  [1m            SELECT sql
            FROM sqlite_master
            WHERE name='index_users_on_reset_password_token' AND type='index'
            UNION ALL
            SELECT sql
            FROM sqlite_temp_master
            WHERE name='index_users_on_reset_password_token' AND type='index'
[0m
  [1m[35m (0.1ms)[0m              SELECT sql
            FROM sqlite_master
            WHERE name='index_users_on_email' AND type='index'
            UNION ALL
            SELECT sql
            FROM sqlite_temp_master
            WHERE name='index_users_on_email' AND type='index'

  [1m[36mActiveRecord::SchemaMigration Load (0.1ms)[0m  [1mSELECT "schema_migrations".* FROM "schema_migrations"[0m
Migrating to DeviseInvitableAddToUsers (20150611013713)
  [1m[35m (0.1ms)[0m  begin transaction
  [1m[36m (0.4ms)[0m  [1mALTER TABLE "users" ADD "invitation_token" varchar[0m
  [1m[35m (0.1ms)[0m  ALTER TABLE "users" ADD "invitation_created_at" datetime
  [1m[36m (0.1ms)[0m  [1mALTER TABLE "users" ADD "invitation_sent_at" datetime[0m
  [1m[35m (0.1ms)[0m  ALTER TABLE "users" ADD "invitation_accepted_at" datetime
  [1m[36m (0.1ms)[0m  [1mALTER TABLE "users" ADD "invitation_limit" integer[0m
  [1m[35m (0.1ms)[0m  ALTER TABLE "users" ADD "invited_by_id" integer
  [1m[36m (0.1ms)[0m  [1mALTER TABLE "users" ADD "invited_by_type" varchar[0m
  [1m[35m (0.2ms)[0m  ALTER TABLE "users" ADD "invitations_count" integer DEFAULT 0
  [1m[36m (0.0ms)[0m  [1mselect sqlite_version(*)[0m
  [1m[35m (0.1ms)[0m              SELECT sql
            FROM sqlite_master
            WHERE name='index_users_on_reset_password_token' AND type='index'
            UNION ALL
            SELECT sql
            FROM sqlite_temp_master
            WHERE name='index_users_on_reset_password_token' AND type='index'

  [1m[36m (0.1ms)[0m  [1m            SELECT sql
            FROM sqlite_master
            WHERE name='index_users_on_email' AND type='index'
            UNION ALL
            SELECT sql
            FROM sqlite_temp_master
            WHERE name='index_users_on_email' AND type='index'
[0m
  [1m[35m (0.1ms)[0m  CREATE  INDEX "index_users_on_invitations_count" ON "users" ("invitations_count")
  [1m[36m (0.0ms)[0m  [1m            SELECT sql
            FROM sqlite_master
            WHERE name='index_users_on_invitations_count' AND type='index'
            UNION ALL
            SELECT sql
            FROM sqlite_temp_master
            WHERE name='index_users_on_invitations_count' AND type='index'
[0m
  [1m[35m (0.0ms)[0m              SELECT sql
            FROM sqlite_master
            WHERE name='index_users_on_reset_password_token' AND type='index'
            UNION ALL
            SELECT sql
            FROM sqlite_temp_master
            WHERE name='index_users_on_reset_password_token' AND type='index'

  [1m[36m (0.1ms)[0m  [1m            SELECT sql
            FROM sqlite_master
            WHERE name='index_users_on_email' AND type='index'
            UNION ALL
            SELECT sql
            FROM sqlite_temp_master
            WHERE name='index_users_on_email' AND type='index'
[0m
  [1m[35m (1.0ms)[0m  CREATE UNIQUE INDEX "index_users_on_invitation_token" ON "users" ("invitation_token")
  [1m[36m (0.1ms)[0m  [1m            SELECT sql
            FROM sqlite_master
            WHERE name='index_users_on_invitation_token' AND type='index'
            UNION ALL
            SELECT sql
            FROM sqlite_temp_master
            WHERE name='index_users_on_invitation_token' AND type='index'
[0m
  [1m[35m (0.1ms)[0m              SELECT sql
            FROM sqlite_master
            WHERE name='index_users_on_invitations_count' AND type='index'
            UNION ALL
            SELECT sql
            FROM sqlite_temp_master
            WHERE name='index_users_on_invitations_count' AND type='index'

  [1m[36m (0.0ms)[0m  [1m            SELECT sql
            FROM sqlite_master
            WHERE name='index_users_on_reset_password_token' AND type='index'
            UNION ALL
            SELECT sql
            FROM sqlite_temp_master
            WHERE name='index_users_on_reset_password_token' AND type='index'
[0m
  [1m[35m (0.0ms)[0m              SELECT sql
            FROM sqlite_master
            WHERE name='index_users_on_email' AND type='index'
            UNION ALL
            SELECT sql
            FROM sqlite_temp_master
            WHERE name='index_users_on_email' AND type='index'

  [1m[36m (0.1ms)[0m  [1mCREATE  INDEX "index_users_on_invited_by_id" ON "users" ("invited_by_id")[0m
  [1m[35m (0.3ms)[0m  CREATE TEMPORARY TABLE "ausers" ("id" INTEGER PRIMARY KEY AUTOINCREMENT NOT NULL, "email" varchar DEFAULT '' NOT NULL, "encrypted_password" varchar DEFAULT '' NOT NULL, "reset_password_token" varchar, "reset_password_sent_at" datetime, "remember_created_at" datetime, "sign_in_count" integer DEFAULT 0 NOT NULL, "current_sign_in_at" datetime, "last_sign_in_at" datetime, "current_sign_in_ip" varchar, "last_sign_in_ip" varchar, "created_at" datetime NOT NULL, "updated_at" datetime NOT NULL, "name" varchar, "confirmation_token" varchar, "confirmed_at" datetime, "confirmation_sent_at" datetime, "unconfirmed_email" varchar, "role" integer, "invitation_token" varchar, "invitation_created_at" datetime, "invitation_sent_at" datetime, "invitation_accepted_at" datetime, "invitation_limit" integer, "invited_by_id" integer, "invited_by_type" varchar, "invitations_count" integer DEFAULT 0) 
  [1m[36m (0.1ms)[0m  [1m            SELECT sql
            FROM sqlite_master
            WHERE name='index_users_on_invited_by_id' AND type='index'
            UNION ALL
            SELECT sql
            FROM sqlite_temp_master
            WHERE name='index_users_on_invited_by_id' AND type='index'
[0m
  [1m[35m (0.1ms)[0m              SELECT sql
            FROM sqlite_master
            WHERE name='index_users_on_invitation_token' AND type='index'
            UNION ALL
            SELECT sql
            FROM sqlite_temp_master
            WHERE name='index_users_on_invitation_token' AND type='index'

  [1m[36m (0.1ms)[0m  [1m            SELECT sql
            FROM sqlite_master
            WHERE name='index_users_on_invitations_count' AND type='index'
            UNION ALL
            SELECT sql
            FROM sqlite_temp_master
            WHERE name='index_users_on_invitations_count' AND type='index'
[0m
  [1m[35m (0.0ms)[0m              SELECT sql
            FROM sqlite_master
            WHERE name='index_users_on_reset_password_token' AND type='index'
            UNION ALL
            SELECT sql
            FROM sqlite_temp_master
            WHERE name='index_users_on_reset_password_token' AND type='index'

  [1m[36m (0.0ms)[0m  [1m            SELECT sql
            FROM sqlite_master
            WHERE name='index_users_on_email' AND type='index'
            UNION ALL
            SELECT sql
            FROM sqlite_temp_master
            WHERE name='index_users_on_email' AND type='index'
[0m
  [1m[35m (0.1ms)[0m  CREATE  INDEX "tindex_ausers_on_invited_by_id" ON "ausers" ("invited_by_id")
  [1m[36m (0.3ms)[0m  [1mCREATE UNIQUE INDEX "tindex_ausers_on_invitation_token" ON "ausers" ("invitation_token")[0m
  [1m[35m (0.1ms)[0m  CREATE  INDEX "tindex_ausers_on_invitations_count" ON "ausers" ("invitations_count")
  [1m[36m (0.1ms)[0m  [1mCREATE UNIQUE INDEX "tindex_ausers_on_reset_password_token" ON "ausers" ("reset_password_token")[0m
  [1m[35m (0.1ms)[0m  CREATE UNIQUE INDEX "tindex_ausers_on_email" ON "ausers" ("email")
  [1m[36m (0.1ms)[0m  [1mSELECT * FROM "users"[0m
  [1m[35m (0.2ms)[0m  DROP TABLE "users"
  [1m[36m (0.1ms)[0m  [1mCREATE TABLE "users" ("id" INTEGER PRIMARY KEY AUTOINCREMENT NOT NULL, "email" varchar DEFAULT '' NOT NULL, "encrypted_password" varchar DEFAULT '', "reset_password_token" varchar, "reset_password_sent_at" datetime, "remember_created_at" datetime, "sign_in_count" integer DEFAULT 0 NOT NULL, "current_sign_in_at" datetime, "last_sign_in_at" datetime, "current_sign_in_ip" varchar, "last_sign_in_ip" varchar, "created_at" datetime NOT NULL, "updated_at" datetime NOT NULL, "name" varchar, "confirmation_token" varchar, "confirmed_at" datetime, "confirmation_sent_at" datetime, "unconfirmed_email" varchar, "role" integer, "invitation_token" varchar, "invitation_created_at" datetime, "invitation_sent_at" datetime, "invitation_accepted_at" datetime, "invitation_limit" integer, "invited_by_id" integer, "invited_by_type" varchar, "invitations_count" integer DEFAULT 0) [0m
  [1m[35m (0.1ms)[0m              SELECT sql
            FROM sqlite_master
            WHERE name='tindex_ausers_on_email' AND type='index'
            UNION ALL
            SELECT sql
            FROM sqlite_temp_master
            WHERE name='tindex_ausers_on_email' AND type='index'

  [1m[36m (0.0ms)[0m  [1m            SELECT sql
            FROM sqlite_master
            WHERE name='tindex_ausers_on_reset_password_token' AND type='index'
            UNION ALL
            SELECT sql
            FROM sqlite_temp_master
            WHERE name='tindex_ausers_on_reset_password_token' AND type='index'
[0m
  [1m[35m (0.0ms)[0m              SELECT sql
            FROM sqlite_master
            WHERE name='tindex_ausers_on_invitations_count' AND type='index'
            UNION ALL
            SELECT sql
            FROM sqlite_temp_master
            WHERE name='tindex_ausers_on_invitations_count' AND type='index'

  [1m[36m (0.0ms)[0m  [1m            SELECT sql
            FROM sqlite_master
            WHERE name='tindex_ausers_on_invitation_token' AND type='index'
            UNION ALL
            SELECT sql
            FROM sqlite_temp_master
            WHERE name='tindex_ausers_on_invitation_token' AND type='index'
[0m
  [1m[35m (0.0ms)[0m              SELECT sql
            FROM sqlite_master
            WHERE name='tindex_ausers_on_invited_by_id' AND type='index'
            UNION ALL
            SELECT sql
            FROM sqlite_temp_master
            WHERE name='tindex_ausers_on_invited_by_id' AND type='index'

  [1m[36m (0.1ms)[0m  [1mCREATE UNIQUE INDEX "index_users_on_email" ON "users" ("email")[0m
  [1m[35m (0.0ms)[0m              SELECT sql
            FROM sqlite_master
            WHERE name='index_users_on_email' AND type='index'
            UNION ALL
            SELECT sql
            FROM sqlite_temp_master
            WHERE name='index_users_on_email' AND type='index'

  [1m[36m (0.1ms)[0m  [1mCREATE UNIQUE INDEX "index_users_on_reset_password_token" ON "users" ("reset_password_token")[0m
  [1m[35m (0.1ms)[0m              SELECT sql
            FROM sqlite_master
            WHERE name='index_users_on_reset_password_token' AND type='index'
            UNION ALL
            SELECT sql
            FROM sqlite_temp_master
            WHERE name='index_users_on_reset_password_token' AND type='index'

  [1m[36m (0.1ms)[0m  [1m            SELECT sql
            FROM sqlite_master
            WHERE name='index_users_on_email' AND type='index'
            UNION ALL
            SELECT sql
            FROM sqlite_temp_master
            WHERE name='index_users_on_email' AND type='index'
[0m
  [1m[35m (0.1ms)[0m  CREATE  INDEX "index_users_on_invitations_count" ON "users" ("invitations_count")
  [1m[36m (0.0ms)[0m  [1m            SELECT sql
            FROM sqlite_master
            WHERE name='index_users_on_invitations_count' AND type='index'
            UNION ALL
            SELECT sql
            FROM sqlite_temp_master
            WHERE name='index_users_on_invitations_count' AND type='index'
[0m
  [1m[35m (0.0ms)[0m              SELECT sql
            FROM sqlite_master
            WHERE name='index_users_on_reset_password_token' AND type='index'
            UNION ALL
            SELECT sql
            FROM sqlite_temp_master
            WHERE name='index_users_on_reset_password_token' AND type='index'

  [1m[36m (0.1ms)[0m  [1m            SELECT sql
            FROM sqlite_master
            WHERE name='index_users_on_email' AND type='index'
            UNION ALL
            SELECT sql
            FROM sqlite_temp_master
            WHERE name='index_users_on_email' AND type='index'
[0m
  [1m[35m (0.1ms)[0m  CREATE UNIQUE INDEX "index_users_on_invitation_token" ON "users" ("invitation_token")
  [1m[36m (0.1ms)[0m  [1m            SELECT sql
            FROM sqlite_master
            WHERE name='index_users_on_invitation_token' AND type='index'
            UNION ALL
            SELECT sql
            FROM sqlite_temp_master
            WHERE name='index_users_on_invitation_token' AND type='index'
[0m
  [1m[35m (0.0ms)[0m              SELECT sql
            FROM sqlite_master
            WHERE name='index_users_on_invitations_count' AND type='index'
            UNION ALL
            SELECT sql
            FROM sqlite_temp_master
            WHERE name='index_users_on_invitations_count' AND type='index'

  [1m[36m (0.0ms)[0m  [1m            SELECT sql
            FROM sqlite_master
            WHERE name='index_users_on_reset_password_token' AND type='index'
            UNION ALL
            SELECT sql
            FROM sqlite_temp_master
            WHERE name='index_users_on_reset_password_token' AND type='index'
[0m
  [1m[35m (0.0ms)[0m              SELECT sql
            FROM sqlite_master
            WHERE name='index_users_on_email' AND type='index'
            UNION ALL
            SELECT sql
            FROM sqlite_temp_master
            WHERE name='index_users_on_email' AND type='index'

  [1m[36m (0.1ms)[0m  [1mCREATE  INDEX "index_users_on_invited_by_id" ON "users" ("invited_by_id")[0m
  [1m[35m (0.1ms)[0m  SELECT * FROM "ausers"
  [1m[36m (0.2ms)[0m  [1mDROP TABLE "ausers"[0m
  [1m[35mSQL (0.1ms)[0m  INSERT INTO "schema_migrations" ("version") VALUES (?)  [["version", "20150611013713"]]
  [1m[36m (1.5ms)[0m  [1mcommit transaction[0m
  [1m[35mActiveRecord::SchemaMigration Load (0.1ms)[0m  SELECT "schema_migrations".* FROM "schema_migrations"
  [1m[36m (0.1ms)[0m  [1m            SELECT sql
            FROM sqlite_master
            WHERE name='index_users_on_invited_by_id' AND type='index'
            UNION ALL
            SELECT sql
            FROM sqlite_temp_master
            WHERE name='index_users_on_invited_by_id' AND type='index'
[0m
  [1m[35m (0.1ms)[0m              SELECT sql
            FROM sqlite_master
            WHERE name='index_users_on_invitation_token' AND type='index'
            UNION ALL
            SELECT sql
            FROM sqlite_temp_master
            WHERE name='index_users_on_invitation_token' AND type='index'

  [1m[36m (0.1ms)[0m  [1m            SELECT sql
            FROM sqlite_master
            WHERE name='index_users_on_invitations_count' AND type='index'
            UNION ALL
            SELECT sql
            FROM sqlite_temp_master
            WHERE name='index_users_on_invitations_count' AND type='index'
[0m
  [1m[35m (0.1ms)[0m              SELECT sql
            FROM sqlite_master
            WHERE name='index_users_on_reset_password_token' AND type='index'
            UNION ALL
            SELECT sql
            FROM sqlite_temp_master
            WHERE name='index_users_on_reset_password_token' AND type='index'

  [1m[36m (0.1ms)[0m  [1m            SELECT sql
            FROM sqlite_master
            WHERE name='index_users_on_email' AND type='index'
            UNION ALL
            SELECT sql
            FROM sqlite_temp_master
            WHERE name='index_users_on_email' AND type='index'
[0m
  [1m[36mActiveRecord::SchemaMigration Load (0.1ms)[0m  [1mSELECT "schema_migrations".* FROM "schema_migrations"[0m
  [1m[35mUser Load (0.2ms)[0m  SELECT  "users".* FROM "users" WHERE "users"."email" = ? LIMIT 1  [["email", "user@example.com"]]
DEPRECATION WARNING: confirm! is deprecated in favor of confirm. (called from block in call at /Users/admin/Development/Ruby/rubystack-2.0.0-23/projects/org2_directory/app/services/create_admin_service.rb:6)
  [1m[36m (0.1ms)[0m  [1mbegin transaction[0m
  [1m[35mSQL (0.5ms)[0m  INSERT INTO "users" ("email", "encrypted_password", "confirmed_at", "created_at", "updated_at") VALUES (?, ?, ?, ?, ?)  [["email", "user@example.com"], ["encrypted_password", "$2a$10$ShahnJgJTnpc0qqTJspMleQL4cPw0xDOzLpt37w5hzjBTeUsctqZO"], ["confirmed_at", "2015-06-11 01:37:17.351669"], ["created_at", "2015-06-11 01:37:17.352177"], ["updated_at", "2015-06-11 01:37:17.352177"]]
  [1m[36m (1.0ms)[0m  [1mcommit transaction[0m
  [1m[35m (0.0ms)[0m  begin transaction
  [1m[36mSQL (0.3ms)[0m  [1mUPDATE "users" SET "role" = ?, "updated_at" = ? WHERE "users"."id" = ?[0m  [["role", 2], ["updated_at", "2015-06-11 01:37:17.356840"], ["id", 1]]
  [1m[35m (0.9ms)[0m  commit transaction
  [1m[36m (0.1ms)[0m  [1mbegin transaction[0m
  [1m[35m (0.1ms)[0m  commit transaction


Started GET "/" for ::1 at 2015-06-10 20:39:54 -0500
  [1m[36mActiveRecord::SchemaMigration Load (0.1ms)[0m  [1mSELECT "schema_migrations".* FROM "schema_migrations"[0m
Processing by VisitorsController#index as HTML
  [1m[35m (0.1ms)[0m  SELECT COUNT(*) FROM "users"
  Rendered visitors/index.html.erb within layouts/application (3.8ms)
  Rendered layouts/_navigation_links.html.erb (3.6ms)
  Rendered layouts/_navigation.html.erb (4.9ms)
  Rendered layouts/_messages.html.erb (0.4ms)
Completed 200 OK in 3587ms (Views: 3586.7ms | ActiveRecord: 0.3ms)


Started GET "/" for ::1 at 2015-06-10 20:40:02 -0500
Processing by VisitorsController#index as HTML
  [1m[36m (0.1ms)[0m  [1mSELECT COUNT(*) FROM "users"[0m
  Rendered visitors/index.html.erb within layouts/application (0.8ms)
  Rendered layouts/_navigation_links.html.erb (0.4ms)
  Rendered layouts/_navigation.html.erb (1.2ms)
  Rendered layouts/_messages.html.erb (0.1ms)
Completed 200 OK in 77ms (Views: 76.9ms | ActiveRecord: 0.1ms)


Started GET "/users/sign_in" for ::1 at 2015-06-10 20:40:11 -0500
Processing by Devise::SessionsController#new as HTML
  Rendered devise/sessions/new.html.erb within layouts/application (35.1ms)
  Rendered layouts/_navigation_links.html.erb (0.3ms)
  Rendered layouts/_navigation.html.erb (1.0ms)
  Rendered layouts/_messages.html.erb (0.1ms)
Completed 200 OK in 131ms (Views: 112.8ms | ActiveRecord: 0.3ms)


Started GET "/" for ::1 at 2015-06-10 20:40:14 -0500
Processing by VisitorsController#index as HTML
  [1m[35m (0.2ms)[0m  SELECT COUNT(*) FROM "users"
  Rendered visitors/index.html.erb within layouts/application (0.9ms)
  Rendered layouts/_navigation_links.html.erb (0.3ms)
  Rendered layouts/_navigation.html.erb (1.0ms)
  Rendered layouts/_messages.html.erb (0.1ms)
Completed 200 OK in 79ms (Views: 78.6ms | ActiveRecord: 0.2ms)


Started GET "/users" for ::1 at 2015-06-10 20:40:18 -0500
Processing by UsersController#index as HTML
Completed 401 Unauthorized in 1ms (ActiveRecord: 0.0ms)


Started GET "/users/sign_in" for ::1 at 2015-06-10 20:40:18 -0500
Processing by Devise::SessionsController#new as HTML
  Rendered devise/sessions/new.html.erb within layouts/application (1.5ms)
  Rendered layouts/_navigation_links.html.erb (0.3ms)
  Rendered layouts/_navigation.html.erb (1.0ms)
  Rendered layouts/_messages.html.erb (0.1ms)
Completed 200 OK in 83ms (Views: 81.7ms | ActiveRecord: 0.0ms)


Started POST "/users/sign_in" for ::1 at 2015-06-10 20:46:28 -0500
  [1m[36mActiveRecord::SchemaMigration Load (0.1ms)[0m  [1mSELECT "schema_migrations".* FROM "schema_migrations"[0m
Processing by Devise::SessionsController#create as HTML
  Parameters: {"utf8"=>"✓", "authenticity_token"=>"jEvY0uSePXbBpkK/tJlSA1mJ4VzTrR8pO6wKYFaD+Uae7+HfZ2EcI1I0/7M8lnPpaBmTShgmEKM3rDyxCXGkMg==", "user"=>{"email"=>"user@example.com", "password"=>"[FILTERED]", "remember_me"=>"0"}, "commit"=>"Sign in"}
  [1m[35mUser Load (0.3ms)[0m  SELECT  "users".* FROM "users" WHERE "users"."email" = ?  ORDER BY "users"."id" ASC LIMIT 1  [["email", "user@example.com"]]
  [1m[36m (0.1ms)[0m  [1mbegin transaction[0m
  [1m[35mSQL (0.6ms)[0m  UPDATE "users" SET "last_sign_in_at" = ?, "current_sign_in_at" = ?, "last_sign_in_ip" = ?, "current_sign_in_ip" = ?, "sign_in_count" = ?, "updated_at" = ? WHERE "users"."id" = ?  [["last_sign_in_at", "2015-06-11 01:46:28.408275"], ["current_sign_in_at", "2015-06-11 01:46:28.408275"], ["last_sign_in_ip", "::1"], ["current_sign_in_ip", "::1"], ["sign_in_count", 1], ["updated_at", "2015-06-11 01:46:28.409897"], ["id", 1]]
  [1m[36m (0.7ms)[0m  [1mcommit transaction[0m
Redirected to http://localhost:3000/users
Completed 302 Found in 155ms (ActiveRecord: 2.4ms)


Started GET "/users" for ::1 at 2015-06-10 20:46:28 -0500
Processing by UsersController#index as HTML
  [1m[35mUser Load (0.2ms)[0m  SELECT  "users".* FROM "users" WHERE "users"."id" = ?  ORDER BY "users"."id" ASC LIMIT 1  [["id", 1]]
  [1m[36mUser Load (0.2ms)[0m  [1mSELECT "users".* FROM "users"[0m
  Rendered users/_user.html.erb (2.6ms)
  Rendered users/index.html.erb within layouts/application (6.8ms)
  Rendered layouts/_navigation_links.html.erb (0.7ms)
  Rendered layouts/_navigation.html.erb (1.9ms)
  Rendered layouts/_messages.html.erb (0.4ms)
Completed 200 OK in 277ms (Views: 274.4ms | ActiveRecord: 0.4ms)


Started GET "/users" for ::1 at 2015-06-10 20:47:09 -0500
Processing by UsersController#index as HTML
  [1m[35mUser Load (0.2ms)[0m  SELECT  "users".* FROM "users" WHERE "users"."id" = ?  ORDER BY "users"."id" ASC LIMIT 1  [["id", 1]]
  [1m[36mUser Load (0.2ms)[0m  [1mSELECT "users".* FROM "users"[0m
  Rendered users/_user.html.erb (0.9ms)
  Rendered users/index.html.erb within layouts/application (2.1ms)
  Rendered layouts/_navigation_links.html.erb (0.3ms)
  Rendered layouts/_navigation.html.erb (1.1ms)
  Rendered layouts/_messages.html.erb (0.1ms)
Completed 200 OK in 84ms (Views: 81.9ms | ActiveRecord: 0.3ms)


Started GET "/admin" for ::1 at 2015-06-10 20:47:10 -0500
Processing by Upmin::ModelsController#dashboard as HTML
  [1m[35mUser Load (0.1ms)[0m  SELECT  "users".* FROM "users" WHERE "users"."id" = ?  ORDER BY "users"."id" ASC LIMIT 1  [["id", 1]]
  Rendered /Users/admin/.rvm/gems/ruby-2.1.1@org2_directory/gems/upmin-admin-0.1.01/app/views/upmin/models/dashboard.html.haml within layouts/upmin/application (1.5ms)
WARNING on line 18, column 11 of /Users/admin/.rvm/gems/ruby-2.1.1@org2_directory/gems/upmin-admin-0.1.01/app/assets/stylesheets/upmin/base.css.scss:
You probably don't mean to use the color value `yellow' in interpolation here.
It may end up represented as #ffff00, which will likely produce invalid CSS.
Always quote color names when using them as strings (for example, "yellow").
If you really want to use the color value here, use `"" + $name'.


WARNING on line 18, column 11 of /Users/admin/.rvm/gems/ruby-2.1.1@org2_directory/gems/upmin-admin-0.1.01/app/assets/stylesheets/upmin/base.css.scss:
You probably don't mean to use the color value `orange' in interpolation here.
It may end up represented as #ffa500, which will likely produce invalid CSS.
Always quote color names when using them as strings (for example, "orange").
If you really want to use the color value here, use `"" + $name'.


WARNING on line 18, column 11 of /Users/admin/.rvm/gems/ruby-2.1.1@org2_directory/gems/upmin-admin-0.1.01/app/assets/stylesheets/upmin/base.css.scss:
You probably don't mean to use the color value `red' in interpolation here.
It may end up represented as #ff0000, which will likely produce invalid CSS.
Always quote color names when using them as strings (for example, "red").
If you really want to use the color value here, use `"" + $name'.


WARNING on line 18, column 11 of /Users/admin/.rvm/gems/ruby-2.1.1@org2_directory/gems/upmin-admin-0.1.01/app/assets/stylesheets/upmin/base.css.scss:
You probably don't mean to use the color value `purple' in interpolation here.
It may end up represented as #800080, which will likely produce invalid CSS.
Always quote color names when using them as strings (for example, "purple").
If you really want to use the color value here, use `"" + $name'.


WARNING on line 18, column 11 of /Users/admin/.rvm/gems/ruby-2.1.1@org2_directory/gems/upmin-admin-0.1.01/app/assets/stylesheets/upmin/base.css.scss:
You probably don't mean to use the color value `green' in interpolation here.
It may end up represented as #008000, which will likely produce invalid CSS.
Always quote color names when using them as strings (for example, "green").
If you really want to use the color value here, use `"" + $name'.


WARNING on line 32, column 7 of /Users/admin/.rvm/gems/ruby-2.1.1@org2_directory/gems/upmin-admin-0.1.01/app/assets/stylesheets/upmin/base.css.scss:
You probably don't mean to use the color value `yellow' in interpolation here.
It may end up represented as #ffff00, which will likely produce invalid CSS.
Always quote color names when using them as strings (for example, "yellow").
If you really want to use the color value here, use `"" + $name'.


WARNING on line 32, column 7 of /Users/admin/.rvm/gems/ruby-2.1.1@org2_directory/gems/upmin-admin-0.1.01/app/assets/stylesheets/upmin/base.css.scss:
You probably don't mean to use the color value `orange' in interpolation here.
It may end up represented as #ffa500, which will likely produce invalid CSS.
Always quote color names when using them as strings (for example, "orange").
If you really want to use the color value here, use `"" + $name'.


WARNING on line 32, column 7 of /Users/admin/.rvm/gems/ruby-2.1.1@org2_directory/gems/upmin-admin-0.1.01/app/assets/stylesheets/upmin/base.css.scss:
You probably don't mean to use the color value `red' in interpolation here.
It may end up represented as #ff0000, which will likely produce invalid CSS.
Always quote color names when using them as strings (for example, "red").
If you really want to use the color value here, use `"" + $name'.


WARNING on line 32, column 7 of /Users/admin/.rvm/gems/ruby-2.1.1@org2_directory/gems/upmin-admin-0.1.01/app/assets/stylesheets/upmin/base.css.scss:
You probably don't mean to use the color value `purple' in interpolation here.
It may end up represented as #800080, which will likely produce invalid CSS.
Always quote color names when using them as strings (for example, "purple").
If you really want to use the color value here, use `"" + $name'.


WARNING on line 32, column 7 of /Users/admin/.rvm/gems/ruby-2.1.1@org2_directory/gems/upmin-admin-0.1.01/app/assets/stylesheets/upmin/base.css.scss:
You probably don't mean to use the color value `green' in interpolation here.
It may end up represented as #008000, which will likely produce invalid CSS.
Always quote color names when using them as strings (for example, "green").
If you really want to use the color value here, use `"" + $name'.


WARNING on line 20, column 7 of /Users/admin/.rvm/gems/ruby-2.1.1@org2_directory/gems/upmin-admin-0.1.01/app/assets/stylesheets/upmin/instances.css.scss:
You probably don't mean to use the color value `yellow' in interpolation here.
It may end up represented as #ffff00, which will likely produce invalid CSS.
Always quote color names when using them as strings (for example, "yellow").
If you really want to use the color value here, use `"" + $name'.


WARNING on line 20, column 7 of /Users/admin/.rvm/gems/ruby-2.1.1@org2_directory/gems/upmin-admin-0.1.01/app/assets/stylesheets/upmin/instances.css.scss:
You probably don't mean to use the color value `orange' in interpolation here.
It may end up represented as #ffa500, which will likely produce invalid CSS.
Always quote color names when using them as strings (for example, "orange").
If you really want to use the color value here, use `"" + $name'.


WARNING on line 20, column 7 of /Users/admin/.rvm/gems/ruby-2.1.1@org2_directory/gems/upmin-admin-0.1.01/app/assets/stylesheets/upmin/instances.css.scss:
You probably don't mean to use the color value `red' in interpolation here.
It may end up represented as #ff0000, which will likely produce invalid CSS.
Always quote color names when using them as strings (for example, "red").
If you really want to use the color value here, use `"" + $name'.


WARNING on line 20, column 7 of /Users/admin/.rvm/gems/ruby-2.1.1@org2_directory/gems/upmin-admin-0.1.01/app/assets/stylesheets/upmin/instances.css.scss:
You probably don't mean to use the color value `purple' in interpolation here.
It may end up represented as #800080, which will likely produce invalid CSS.
Always quote color names when using them as strings (for example, "purple").
If you really want to use the color value here, use `"" + $name'.


WARNING on line 20, column 7 of /Users/admin/.rvm/gems/ruby-2.1.1@org2_directory/gems/upmin-admin-0.1.01/app/assets/stylesheets/upmin/instances.css.scss:
You probably don't mean to use the color value `green' in interpolation here.
It may end up represented as #008000, which will likely produce invalid CSS.
Always quote color names when using them as strings (for example, "green").
If you really want to use the color value here, use `"" + $name'.


  Rendered /Users/admin/.rvm/gems/ruby-2.1.1@org2_directory/gems/upmin-admin-0.1.01/app/views/layouts/upmin/_navbar.html.haml (14.7ms)
Completed 200 OK in 518ms (Views: 516.2ms | ActiveRecord: 0.1ms)


Started GET "/admin/" for ::1 at 2015-06-10 20:47:15 -0500
Processing by Upmin::ModelsController#dashboard as HTML
  [1m[36mUser Load (0.1ms)[0m  [1mSELECT  "users".* FROM "users" WHERE "users"."id" = ?  ORDER BY "users"."id" ASC LIMIT 1[0m  [["id", 1]]
  Rendered /Users/admin/.rvm/gems/ruby-2.1.1@org2_directory/gems/upmin-admin-0.1.01/app/views/upmin/models/dashboard.html.haml within layouts/upmin/application (0.1ms)
  Rendered /Users/admin/.rvm/gems/ruby-2.1.1@org2_directory/gems/upmin-admin-0.1.01/app/views/layouts/upmin/_navbar.html.haml (3.4ms)
Completed 200 OK in 80ms (Views: 78.7ms | ActiveRecord: 0.1ms)


Started GET "/admin/" for ::1 at 2015-06-10 20:47:20 -0500
Processing by Upmin::ModelsController#dashboard as HTML
  [1m[35mUser Load (0.1ms)[0m  SELECT  "users".* FROM "users" WHERE "users"."id" = ?  ORDER BY "users"."id" ASC LIMIT 1  [["id", 1]]
  Rendered /Users/admin/.rvm/gems/ruby-2.1.1@org2_directory/gems/upmin-admin-0.1.01/app/views/upmin/models/dashboard.html.haml within layouts/upmin/application (0.1ms)
  Rendered /Users/admin/.rvm/gems/ruby-2.1.1@org2_directory/gems/upmin-admin-0.1.01/app/views/layouts/upmin/_navbar.html.haml (3.2ms)
Completed 200 OK in 63ms (Views: 61.1ms | ActiveRecord: 0.1ms)


Started GET "/admin/m/User" for ::1 at 2015-06-10 20:47:22 -0500
Processing by Upmin::ModelsController#search as HTML
  Parameters: {"klass"=>"User"}
  [1m[36mUser Load (0.1ms)[0m  [1mSELECT  "users".* FROM "users" WHERE "users"."id" = ?  ORDER BY "users"."id" ASC LIMIT 1[0m  [["id", 1]]
  [1m[35m (0.3ms)[0m  SELECT DISTINCT COUNT(DISTINCT "users"."id") FROM "users"
  [1m[36mUser Load (0.2ms)[0m  [1mSELECT  DISTINCT "users".* FROM "users" LIMIT 30 OFFSET 0[0m
  Rendered /Users/admin/.rvm/gems/ruby-2.1.1@org2_directory/gems/upmin-admin-0.1.01/app/views/upmin/partials/search_results/_results.html.haml (11.1ms)
  Rendered /Users/admin/.rvm/gems/ruby-2.1.1@org2_directory/gems/upmin-admin-0.1.01/app/views/upmin/partials/search_boxes/_ransack_search_box.html.haml (13.4ms)
  Rendered /Users/admin/.rvm/gems/ruby-2.1.1@org2_directory/gems/upmin-admin-0.1.01/app/views/upmin/models/search.html.haml within layouts/upmin/application (48.6ms)
  Rendered /Users/admin/.rvm/gems/ruby-2.1.1@org2_directory/gems/upmin-admin-0.1.01/app/views/layouts/upmin/_navbar.html.haml (3.2ms)
Completed 200 OK in 113ms (Views: 109.7ms | ActiveRecord: 0.6ms)


Started GET "/admin/" for ::1 at 2015-06-10 20:47:25 -0500
Processing by Upmin::ModelsController#dashboard as HTML
  [1m[35mUser Load (0.1ms)[0m  SELECT  "users".* FROM "users" WHERE "users"."id" = ?  ORDER BY "users"."id" ASC LIMIT 1  [["id", 1]]
  Rendered /Users/admin/.rvm/gems/ruby-2.1.1@org2_directory/gems/upmin-admin-0.1.01/app/views/upmin/models/dashboard.html.haml within layouts/upmin/application (0.1ms)
  Rendered /Users/admin/.rvm/gems/ruby-2.1.1@org2_directory/gems/upmin-admin-0.1.01/app/views/layouts/upmin/_navbar.html.haml (4.5ms)
Completed 200 OK in 70ms (Views: 68.5ms | ActiveRecord: 0.1ms)


Started GET "/admin/m/User" for ::1 at 2015-06-10 20:47:27 -0500
Processing by Upmin::ModelsController#search as HTML
  Parameters: {"klass"=>"User"}
  [1m[36mUser Load (0.1ms)[0m  [1mSELECT  "users".* FROM "users" WHERE "users"."id" = ?  ORDER BY "users"."id" ASC LIMIT 1[0m  [["id", 1]]
  [1m[35m (0.2ms)[0m  SELECT DISTINCT COUNT(DISTINCT "users"."id") FROM "users"
  [1m[36mUser Load (0.1ms)[0m  [1mSELECT  DISTINCT "users".* FROM "users" LIMIT 30 OFFSET 0[0m
  Rendered /Users/admin/.rvm/gems/ruby-2.1.1@org2_directory/gems/upmin-admin-0.1.01/app/views/upmin/partials/search_results/_results.html.haml (3.1ms)
  Rendered /Users/admin/.rvm/gems/ruby-2.1.1@org2_directory/gems/upmin-admin-0.1.01/app/views/upmin/partials/search_boxes/_ransack_search_box.html.haml (7.3ms)
  Rendered /Users/admin/.rvm/gems/ruby-2.1.1@org2_directory/gems/upmin-admin-0.1.01/app/views/upmin/models/search.html.haml within layouts/upmin/application (22.5ms)
  Rendered /Users/admin/.rvm/gems/ruby-2.1.1@org2_directory/gems/upmin-admin-0.1.01/app/views/layouts/upmin/_navbar.html.haml (3.2ms)
Completed 200 OK in 88ms (Views: 84.6ms | ActiveRecord: 0.5ms)


Started GET "/admin/" for ::1 at 2015-06-10 20:47:30 -0500
Processing by Upmin::ModelsController#dashboard as HTML
  [1m[35mUser Load (0.1ms)[0m  SELECT  "users".* FROM "users" WHERE "users"."id" = ?  ORDER BY "users"."id" ASC LIMIT 1  [["id", 1]]
  Rendered /Users/admin/.rvm/gems/ruby-2.1.1@org2_directory/gems/upmin-admin-0.1.01/app/views/upmin/models/dashboard.html.haml within layouts/upmin/application (0.1ms)
  Rendered /Users/admin/.rvm/gems/ruby-2.1.1@org2_directory/gems/upmin-admin-0.1.01/app/views/layouts/upmin/_navbar.html.haml (3.6ms)
Completed 200 OK in 71ms (Views: 69.3ms | ActiveRecord: 0.1ms)


Started GET "/admin" for ::1 at 2015-06-10 20:47:31 -0500
Processing by Upmin::ModelsController#dashboard as HTML
  [1m[36mUser Load (0.1ms)[0m  [1mSELECT  "users".* FROM "users" WHERE "users"."id" = ?  ORDER BY "users"."id" ASC LIMIT 1[0m  [["id", 1]]
  Rendered /Users/admin/.rvm/gems/ruby-2.1.1@org2_directory/gems/upmin-admin-0.1.01/app/views/upmin/models/dashboard.html.haml within layouts/upmin/application (0.1ms)
  Rendered /Users/admin/.rvm/gems/ruby-2.1.1@org2_directory/gems/upmin-admin-0.1.01/app/views/layouts/upmin/_navbar.html.haml (3.3ms)
Completed 200 OK in 63ms (Views: 61.9ms | ActiveRecord: 0.1ms)


Started GET "/users" for ::1 at 2015-06-10 20:47:32 -0500
Processing by UsersController#index as HTML
  [1m[35mUser Load (0.1ms)[0m  SELECT  "users".* FROM "users" WHERE "users"."id" = ?  ORDER BY "users"."id" ASC LIMIT 1  [["id", 1]]
  [1m[36mUser Load (0.2ms)[0m  [1mSELECT "users".* FROM "users"[0m
  Rendered users/_user.html.erb (1.1ms)
  Rendered users/index.html.erb within layouts/application (2.4ms)
  Rendered layouts/_navigation_links.html.erb (0.3ms)
  Rendered layouts/_navigation.html.erb (1.0ms)
  Rendered layouts/_messages.html.erb (0.1ms)
Completed 200 OK in 102ms (Views: 100.5ms | ActiveRecord: 0.3ms)


Started GET "/" for ::1 at 2015-06-10 20:47:36 -0500
Processing by VisitorsController#index as HTML
  [1m[35m (0.1ms)[0m  SELECT COUNT(*) FROM "users"
  Rendered visitors/index.html.erb within layouts/application (1.2ms)
  [1m[36mUser Load (0.1ms)[0m  [1mSELECT  "users".* FROM "users" WHERE "users"."id" = ?  ORDER BY "users"."id" ASC LIMIT 1[0m  [["id", 1]]
  Rendered layouts/_navigation_links.html.erb (1.7ms)
  Rendered layouts/_navigation.html.erb (3.0ms)
  Rendered layouts/_messages.html.erb (0.1ms)
Completed 200 OK in 94ms (Views: 93.2ms | ActiveRecord: 0.3ms)


Started DELETE "/users/sign_out" for ::1 at 2015-06-10 20:47:39 -0500
Processing by Devise::SessionsController#destroy as HTML
  Parameters: {"authenticity_token"=>"KcUbd4Jde/8bf2bTL8Dv1SBfynys0l5wP/WELmrP9KKEOrX9ZyvYcac4QCBr0AfSBQbHXy+ixvzjMH4d92p3fg=="}
  [1m[35mUser Load (0.1ms)[0m  SELECT  "users".* FROM "users" WHERE "users"."id" = ?  ORDER BY "users"."id" ASC LIMIT 1  [["id", 1]]
  [1m[36m (0.1ms)[0m  [1mbegin transaction[0m
  [1m[35m (0.0ms)[0m  commit transaction
Redirected to http://localhost:3000/
Completed 302 Found in 5ms (ActiveRecord: 0.2ms)


Started GET "/" for ::1 at 2015-06-10 20:47:39 -0500
Processing by VisitorsController#index as HTML
  [1m[36m (0.1ms)[0m  [1mSELECT COUNT(*) FROM "users"[0m
  Rendered visitors/index.html.erb within layouts/application (0.7ms)
  Rendered layouts/_navigation_links.html.erb (0.5ms)
  Rendered layouts/_navigation.html.erb (1.3ms)
  Rendered layouts/_messages.html.erb (0.1ms)
Completed 200 OK in 96ms (Views: 95.8ms | ActiveRecord: 0.1ms)


Started GET "/admin" for ::1 at 2015-06-10 20:47:49 -0500
Processing by Upmin::ModelsController#dashboard as HTML
Completed 401 Unauthorized in 1ms (ActiveRecord: 0.0ms)


Started GET "/users/sign_in" for ::1 at 2015-06-10 20:47:49 -0500
Processing by Devise::SessionsController#new as HTML
  Rendered devise/sessions/new.html.erb within layouts/application (6.3ms)
  Rendered layouts/_navigation_links.html.erb (0.4ms)
  Rendered layouts/_navigation.html.erb (1.5ms)
  Rendered layouts/_messages.html.erb (0.2ms)
Completed 200 OK in 103ms (Views: 101.5ms | ActiveRecord: 0.0ms)


Started GET "/users/" for ::1 at 2015-06-10 20:48:37 -0500
Processing by UsersController#index as HTML
Completed 401 Unauthorized in 1ms (ActiveRecord: 0.0ms)


Started GET "/users/sign_in" for ::1 at 2015-06-10 20:48:37 -0500
Processing by Devise::SessionsController#new as HTML
  Rendered devise/sessions/new.html.erb within layouts/application (2.1ms)
  Rendered layouts/_navigation_links.html.erb (1.5ms)
  Rendered layouts/_navigation.html.erb (2.6ms)
  Rendered layouts/_messages.html.erb (0.3ms)
Completed 200 OK in 123ms (Views: 121.3ms | ActiveRecord: 0.0ms)


Started GET "/statics/home" for ::1 at 2015-06-10 22:55:03 -0500
  [1m[36mActiveRecord::SchemaMigration Load (0.6ms)[0m  [1mSELECT "schema_migrations".* FROM "schema_migrations"[0m
Processing by StaticsController#home as HTML
  Rendered statics/home.html.erb within layouts/application (1.7ms)
  Rendered layouts/_navigation_links.html.erb (3.7ms)
  Rendered layouts/_navigation.html.erb (5.1ms)
  Rendered layouts/_messages.html.erb (0.5ms)
Completed 200 OK in 607ms (Views: 606.8ms | ActiveRecord: 0.0ms)


Started GET "/statics/help" for ::1 at 2015-06-10 22:55:18 -0500
Processing by StaticsController#help as HTML
  Rendered statics/help.html.erb within layouts/application (0.4ms)
  Rendered layouts/_navigation_links.html.erb (0.4ms)
  Rendered layouts/_navigation.html.erb (1.0ms)
  Rendered layouts/_messages.html.erb (0.1ms)
Completed 200 OK in 90ms (Views: 90.1ms | ActiveRecord: 0.0ms)


Started GET "/statics/about" for ::1 at 2015-06-10 22:55:25 -0500
Processing by StaticsController#about as HTML
  Rendered statics/about.html.erb within layouts/application (0.3ms)
  Rendered layouts/_navigation_links.html.erb (0.3ms)
  Rendered layouts/_navigation.html.erb (1.0ms)
  Rendered layouts/_messages.html.erb (0.1ms)
Completed 200 OK in 126ms (Views: 125.6ms | ActiveRecord: 0.0ms)
  [1m[36mActiveRecord::SchemaMigration Load (0.1ms)[0m  [1mSELECT "schema_migrations".* FROM "schema_migrations"[0m
Migrating to CreatePeople (20150611035759)
  [1m[35m (0.1ms)[0m  begin transaction
  [1m[36m (0.5ms)[0m  [1mCREATE TABLE "people" ("id" INTEGER PRIMARY KEY AUTOINCREMENT NOT NULL, "firstName" text, "lastName" text, "created_at" datetime NOT NULL, "updated_at" datetime NOT NULL) [0m
  [1m[35mSQL (0.3ms)[0m  INSERT INTO "schema_migrations" ("version") VALUES (?)  [["version", "20150611035759"]]
  [1m[36m (0.8ms)[0m  [1mcommit transaction[0m
  [1m[35mActiveRecord::SchemaMigration Load (0.1ms)[0m  SELECT "schema_migrations".* FROM "schema_migrations"
  [1m[36m (0.1ms)[0m  [1m            SELECT sql
            FROM sqlite_master
            WHERE name='index_users_on_invited_by_id' AND type='index'
            UNION ALL
            SELECT sql
            FROM sqlite_temp_master
            WHERE name='index_users_on_invited_by_id' AND type='index'
[0m
  [1m[35m (0.1ms)[0m              SELECT sql
            FROM sqlite_master
            WHERE name='index_users_on_invitation_token' AND type='index'
            UNION ALL
            SELECT sql
            FROM sqlite_temp_master
            WHERE name='index_users_on_invitation_token' AND type='index'

  [1m[36m (0.1ms)[0m  [1m            SELECT sql
            FROM sqlite_master
            WHERE name='index_users_on_invitations_count' AND type='index'
            UNION ALL
            SELECT sql
            FROM sqlite_temp_master
            WHERE name='index_users_on_invitations_count' AND type='index'
[0m
  [1m[35m (0.1ms)[0m              SELECT sql
            FROM sqlite_master
            WHERE name='index_users_on_reset_password_token' AND type='index'
            UNION ALL
            SELECT sql
            FROM sqlite_temp_master
            WHERE name='index_users_on_reset_password_token' AND type='index'

  [1m[36m (0.1ms)[0m  [1m            SELECT sql
            FROM sqlite_master
            WHERE name='index_users_on_email' AND type='index'
            UNION ALL
            SELECT sql
            FROM sqlite_temp_master
            WHERE name='index_users_on_email' AND type='index'
[0m


Started GET "/rout" for ::1 at 2015-06-10 22:58:57 -0500
  [1m[36mActiveRecord::SchemaMigration Load (0.1ms)[0m  [1mSELECT "schema_migrations".* FROM "schema_migrations"[0m

ActionController::RoutingError (No route matches [GET] "/rout"):
  actionpack (4.2.1) lib/action_dispatch/middleware/debug_exceptions.rb:21:in `call'
  web-console (2.1.2) lib/web_console/middleware.rb:37:in `call'
  actionpack (4.2.1) lib/action_dispatch/middleware/show_exceptions.rb:30:in `call'
  railties (4.2.1) lib/rails/rack/logger.rb:38:in `call_app'
  railties (4.2.1) lib/rails/rack/logger.rb:20:in `block in call'
  activesupport (4.2.1) lib/active_support/tagged_logging.rb:68:in `block in tagged'
  activesupport (4.2.1) lib/active_support/tagged_logging.rb:26:in `tagged'
  activesupport (4.2.1) lib/active_support/tagged_logging.rb:68:in `tagged'
  railties (4.2.1) lib/rails/rack/logger.rb:20:in `call'
  quiet_assets (1.1.0) lib/quiet_assets.rb:27:in `call_with_quiet_assets'
  actionpack (4.2.1) lib/action_dispatch/middleware/request_id.rb:21:in `call'
  rack (1.6.1) lib/rack/methodoverride.rb:22:in `call'
  rack (1.6.1) lib/rack/runtime.rb:18:in `call'
  activesupport (4.2.1) lib/active_support/cache/strategy/local_cache_middleware.rb:28:in `call'
  rack (1.6.1) lib/rack/lock.rb:17:in `call'
  actionpack (4.2.1) lib/action_dispatch/middleware/static.rb:113:in `call'
  rack (1.6.1) lib/rack/sendfile.rb:113:in `call'
  railties (4.2.1) lib/rails/engine.rb:518:in `call'
  railties (4.2.1) lib/rails/application.rb:164:in `call'
  rack (1.6.1) lib/rack/lock.rb:17:in `call'
  rack (1.6.1) lib/rack/content_length.rb:15:in `call'
  rack (1.6.1) lib/rack/handler/webrick.rb:89:in `service'
  /Users/admin/.rvm/rubies/ruby-2.1.1/lib/ruby/2.1.0/webrick/httpserver.rb:138:in `service'
  /Users/admin/.rvm/rubies/ruby-2.1.1/lib/ruby/2.1.0/webrick/httpserver.rb:94:in `run'
  /Users/admin/.rvm/rubies/ruby-2.1.1/lib/ruby/2.1.0/webrick/server.rb:295:in `block in start_thread'


  Rendered /Users/admin/.rvm/gems/ruby-2.1.1@org2_directory/gems/actionpack-4.2.1/lib/action_dispatch/middleware/templates/rescues/_trace.html.erb (1.7ms)
  Rendered /Users/admin/.rvm/gems/ruby-2.1.1@org2_directory/gems/actionpack-4.2.1/lib/action_dispatch/middleware/templates/routes/_route.html.erb (2.5ms)
  Rendered /Users/admin/.rvm/gems/ruby-2.1.1@org2_directory/gems/actionpack-4.2.1/lib/action_dispatch/middleware/templates/routes/_route.html.erb (0.4ms)
  Rendered /Users/admin/.rvm/gems/ruby-2.1.1@org2_directory/gems/actionpack-4.2.1/lib/action_dispatch/middleware/templates/routes/_table.html.erb (3.4ms)
  Rendered /Users/admin/.rvm/gems/ruby-2.1.1@org2_directory/gems/actionpack-4.2.1/lib/action_dispatch/middleware/templates/rescues/_request_and_response.html.erb (7.8ms)
  Rendered /Users/admin/.rvm/gems/ruby-2.1.1@org2_directory/gems/actionpack-4.2.1/lib/action_dispatch/middleware/templates/rescues/routing_error.html.erb within rescues/layout (61.1ms)
  Rendered /Users/admin/.rvm/gems/ruby-2.1.1@org2_directory/gems/web-console-2.1.2/lib/web_console/templates/_markup.html.erb (0.3ms)
  Rendered /Users/admin/.rvm/gems/ruby-2.1.1@org2_directory/gems/web-console-2.1.2/lib/web_console/templates/style.css.erb within layouts/inlined_string (0.4ms)
  Rendered /Users/admin/.rvm/gems/ruby-2.1.1@org2_directory/gems/web-console-2.1.2/lib/web_console/templates/_inner_console_markup.html.erb within layouts/inlined_string (0.3ms)
  Rendered /Users/admin/.rvm/gems/ruby-2.1.1@org2_directory/gems/web-console-2.1.2/lib/web_console/templates/_prompt_box_markup.html.erb within layouts/inlined_string (0.3ms)
  Rendered /Users/admin/.rvm/gems/ruby-2.1.1@org2_directory/gems/web-console-2.1.2/lib/web_console/templates/console.js.erb within layouts/javascript (20.0ms)
  Rendered /Users/admin/.rvm/gems/ruby-2.1.1@org2_directory/gems/web-console-2.1.2/lib/web_console/templates/main.js.erb within layouts/javascript (0.2ms)
  Rendered /Users/admin/.rvm/gems/ruby-2.1.1@org2_directory/gems/web-console-2.1.2/lib/web_console/templates/error_page.js.erb within layouts/javascript (0.3ms)
  Rendered /Users/admin/.rvm/gems/ruby-2.1.1@org2_directory/gems/web-console-2.1.2/lib/web_console/templates/index.html.erb (41.7ms)


Started GET "/people" for ::1 at 2015-06-10 22:59:05 -0500
Processing by PeopleController#index as HTML
  [1m[35mPerson Load (0.2ms)[0m  SELECT "people".* FROM "people"
  Rendered people/index.html.erb within layouts/application (2.0ms)
  Rendered layouts/_navigation_links.html.erb (3.8ms)
  Rendered layouts/_navigation.html.erb (4.9ms)
  Rendered layouts/_messages.html.erb (0.5ms)
Completed 200 OK in 491ms (Views: 487.4ms | ActiveRecord: 0.2ms)


Started GET "/" for ::1 at 2015-06-10 23:25:06 -0500
  [1m[36mActiveRecord::SchemaMigration Load (0.1ms)[0m  [1mSELECT "schema_migrations".* FROM "schema_migrations"[0m
Processing by VisitorsController#index as HTML
  [1m[35m (0.1ms)[0m  SELECT COUNT(*) FROM "users"
  Rendered visitors/index.html.erb within layouts/application (3.6ms)
  Rendered layouts/_navigation_links.html.erb (4.3ms)
  Rendered layouts/_navigation.html.erb (5.6ms)
  Rendered layouts/_messages.html.erb (0.4ms)
Completed 200 OK in 288ms (Views: 287.7ms | ActiveRecord: 0.3ms)


Started GET "/users" for ::1 at 2015-06-10 23:25:09 -0500
Processing by UsersController#index as HTML
Completed 401 Unauthorized in 1ms (ActiveRecord: 0.0ms)


Started GET "/users/sign_in" for ::1 at 2015-06-10 23:25:09 -0500
Processing by Devise::SessionsController#new as HTML
  Rendered devise/sessions/new.html.erb within layouts/application (13.8ms)
  Rendered layouts/_navigation_links.html.erb (0.3ms)
  Rendered layouts/_navigation.html.erb (1.1ms)
  Rendered layouts/_messages.html.erb (0.1ms)
Completed 200 OK in 130ms (Views: 110.1ms | ActiveRecord: 0.4ms)


Started GET "/people" for ::1 at 2015-06-10 23:32:24 -0500
  [1m[36mActiveRecord::SchemaMigration Load (0.1ms)[0m  [1mSELECT "schema_migrations".* FROM "schema_migrations"[0m
Processing by PeopleController#index as HTML
  [1m[35mPerson Load (0.2ms)[0m  SELECT "people".* FROM "people"
  Rendered people/index.html.erb within layouts/application (11.3ms)
  Rendered layouts/_navigation_links.html.erb (3.9ms)
  Rendered layouts/_navigation.html.erb (4.9ms)
  Rendered layouts/_messages.html.erb (0.5ms)
Completed 200 OK in 335ms (Views: 334.4ms | ActiveRecord: 0.3ms)


Started GET "/people/new" for ::1 at 2015-06-10 23:33:13 -0500
Processing by PeopleController#new as HTML
  Rendered people/_form.html.erb (26.9ms)
  Rendered people/new.html.erb within layouts/application (28.0ms)
  Rendered layouts/_navigation_links.html.erb (0.4ms)
  Rendered layouts/_navigation.html.erb (1.2ms)
  Rendered layouts/_messages.html.erb (0.1ms)
Completed 200 OK in 133ms (Views: 128.3ms | ActiveRecord: 0.5ms)


Started GET "/people" for ::1 at 2015-06-10 23:33:15 -0500
Processing by PeopleController#index as HTML
  [1m[36mPerson Load (0.2ms)[0m  [1mSELECT "people".* FROM "people"[0m
  Rendered people/index.html.erb within layouts/application (1.1ms)
  Rendered layouts/_navigation_links.html.erb (0.3ms)
  Rendered layouts/_navigation.html.erb (1.0ms)
  Rendered layouts/_messages.html.erb (0.0ms)
Completed 200 OK in 97ms (Views: 96.1ms | ActiveRecord: 0.2ms)


Started GET "/" for ::1 at 2015-06-10 23:33:16 -0500
Processing by VisitorsController#index as HTML
  [1m[35m (0.1ms)[0m  SELECT COUNT(*) FROM "users"
  Rendered visitors/index.html.erb within layouts/application (3.3ms)
  Rendered layouts/_navigation_links.html.erb (0.3ms)
  Rendered layouts/_navigation.html.erb (1.0ms)
  Rendered layouts/_messages.html.erb (0.1ms)
Completed 200 OK in 160ms (Views: 159.1ms | ActiveRecord: 0.4ms)


Started GET "/" for ::1 at 2015-06-10 23:37:40 -0500
  [1m[36mActiveRecord::SchemaMigration Load (0.1ms)[0m  [1mSELECT "schema_migrations".* FROM "schema_migrations"[0m
Processing by VisitorsController#index as HTML
  [1m[35m (0.1ms)[0m  SELECT COUNT(*) FROM "users"
  Rendered visitors/index.html.erb within layouts/application (3.3ms)
  Rendered layouts/_navigation_links.html.erb (3.6ms)
  Rendered layouts/_navigation.html.erb (4.7ms)
  Rendered layouts/_messages.html.erb (0.4ms)
Completed 200 OK in 289ms (Views: 288.0ms | ActiveRecord: 0.3ms)


Started GET "/people" for ::1 at 2015-06-10 23:37:46 -0500
Processing by PeopleController#index as HTML
  [1m[36mPerson Load (0.2ms)[0m  [1mSELECT "people".* FROM "people"[0m
  Rendered people/index.html.erb within layouts/application (1.7ms)
  Rendered layouts/_navigation_links.html.erb (0.4ms)
  Rendered layouts/_navigation.html.erb (1.0ms)
  Rendered layouts/_messages.html.erb (0.0ms)
Completed 500 Internal Server Error in 99ms (Views: 96.5ms | ActiveRecord: 0.2ms)

Pundit::AuthorizationNotPerformedError - Pundit::AuthorizationNotPerformedError:
  pundit (1.0.1) lib/pundit.rb:103:in `verify_authorized'
  activesupport (4.2.1) lib/active_support/callbacks.rb:432:in `block in make_lambda'
  activesupport (4.2.1) lib/active_support/callbacks.rb:239:in `block in halting'
  activesupport (4.2.1) lib/active_support/callbacks.rb:506:in `block in call'
  activesupport (4.2.1) lib/active_support/callbacks.rb:506:in `call'
  activesupport (4.2.1) lib/active_support/callbacks.rb:92:in `_run_callbacks'
  activesupport (4.2.1) lib/active_support/callbacks.rb:776:in `_run_process_action_callbacks'
  activesupport (4.2.1) lib/active_support/callbacks.rb:81:in `run_callbacks'
  actionpack (4.2.1) lib/abstract_controller/callbacks.rb:19:in `process_action'
  actionpack (4.2.1) lib/action_controller/metal/rescue.rb:29:in `process_action'
  actionpack (4.2.1) lib/action_controller/metal/instrumentation.rb:32:in `block in process_action'
  activesupport (4.2.1) lib/active_support/notifications.rb:164:in `block in instrument'
  activesupport (4.2.1) lib/active_support/notifications/instrumenter.rb:20:in `instrument'
  activesupport (4.2.1) lib/active_support/notifications.rb:164:in `instrument'
  actionpack (4.2.1) lib/action_controller/metal/instrumentation.rb:30:in `process_action'
  actionpack (4.2.1) lib/action_controller/metal/params_wrapper.rb:250:in `process_action'
  activerecord (4.2.1) lib/active_record/railties/controller_runtime.rb:18:in `process_action'
  actionpack (4.2.1) lib/abstract_controller/base.rb:137:in `process'
  actionview (4.2.1) lib/action_view/rendering.rb:30:in `process'
  actionpack (4.2.1) lib/action_controller/metal.rb:196:in `dispatch'
  actionpack (4.2.1) lib/action_controller/metal/rack_delegation.rb:13:in `dispatch'
  actionpack (4.2.1) lib/action_controller/metal.rb:237:in `block in action'
  actionpack (4.2.1) lib/action_dispatch/routing/route_set.rb:74:in `dispatch'
  actionpack (4.2.1) lib/action_dispatch/routing/route_set.rb:43:in `serve'
  actionpack (4.2.1) lib/action_dispatch/journey/router.rb:43:in `block in serve'
  actionpack (4.2.1) lib/action_dispatch/journey/router.rb:30:in `serve'
  actionpack (4.2.1) lib/action_dispatch/routing/route_set.rb:819:in `call'
  warden (1.2.3) lib/warden/manager.rb:35:in `block in call'
  warden (1.2.3) lib/warden/manager.rb:34:in `call'
  rack (1.6.1) lib/rack/etag.rb:24:in `call'
  rack (1.6.1) lib/rack/conditionalget.rb:25:in `call'
  rack (1.6.1) lib/rack/head.rb:13:in `call'
  actionpack (4.2.1) lib/action_dispatch/middleware/params_parser.rb:27:in `call'
  actionpack (4.2.1) lib/action_dispatch/middleware/flash.rb:260:in `call'
  rack (1.6.1) lib/rack/session/abstract/id.rb:225:in `context'
  rack (1.6.1) lib/rack/session/abstract/id.rb:220:in `call'
  actionpack (4.2.1) lib/action_dispatch/middleware/cookies.rb:560:in `call'
  activerecord (4.2.1) lib/active_record/query_cache.rb:36:in `call'
  activerecord (4.2.1) lib/active_record/connection_adapters/abstract/connection_pool.rb:649:in `call'
  activerecord (4.2.1) lib/active_record/migration.rb:378:in `call'
  actionpack (4.2.1) lib/action_dispatch/middleware/callbacks.rb:29:in `block in call'
  activesupport (4.2.1) lib/active_support/callbacks.rb:88:in `_run_callbacks'
  activesupport (4.2.1) lib/active_support/callbacks.rb:776:in `_run_call_callbacks'
  activesupport (4.2.1) lib/active_support/callbacks.rb:81:in `run_callbacks'
  actionpack (4.2.1) lib/action_dispatch/middleware/callbacks.rb:27:in `call'
  actionpack (4.2.1) lib/action_dispatch/middleware/reloader.rb:73:in `call'
  actionpack (4.2.1) lib/action_dispatch/middleware/remote_ip.rb:78:in `call'
  better_errors (2.1.1) lib/better_errors/middleware.rb:84:in `protected_app_call'
  better_errors (2.1.1) lib/better_errors/middleware.rb:79:in `better_errors_call'
  better_errors (2.1.1) lib/better_errors/middleware.rb:57:in `call'
  actionpack (4.2.1) lib/action_dispatch/middleware/debug_exceptions.rb:17:in `call'
  web-console (2.1.2) lib/web_console/middleware.rb:37:in `call'
  actionpack (4.2.1) lib/action_dispatch/middleware/show_exceptions.rb:30:in `call'
  railties (4.2.1) lib/rails/rack/logger.rb:38:in `call_app'
  railties (4.2.1) lib/rails/rack/logger.rb:20:in `block in call'
  activesupport (4.2.1) lib/active_support/tagged_logging.rb:68:in `block in tagged'
  activesupport (4.2.1) lib/active_support/tagged_logging.rb:26:in `tagged'
  activesupport (4.2.1) lib/active_support/tagged_logging.rb:68:in `tagged'
  railties (4.2.1) lib/rails/rack/logger.rb:20:in `call'
  quiet_assets (1.1.0) lib/quiet_assets.rb:27:in `call_with_quiet_assets'
  actionpack (4.2.1) lib/action_dispatch/middleware/request_id.rb:21:in `call'
  rack (1.6.1) lib/rack/methodoverride.rb:22:in `call'
  rack (1.6.1) lib/rack/runtime.rb:18:in `call'
  activesupport (4.2.1) lib/active_support/cache/strategy/local_cache_middleware.rb:28:in `call'
  rack (1.6.1) lib/rack/lock.rb:17:in `call'
  actionpack (4.2.1) lib/action_dispatch/middleware/static.rb:113:in `call'
  rack (1.6.1) lib/rack/sendfile.rb:113:in `call'
  railties (4.2.1) lib/rails/engine.rb:518:in `call'
  railties (4.2.1) lib/rails/application.rb:164:in `call'
  rack (1.6.1) lib/rack/lock.rb:17:in `call'
  rack (1.6.1) lib/rack/content_length.rb:15:in `call'
  rack (1.6.1) lib/rack/handler/webrick.rb:89:in `service'
  /Users/admin/.rvm/rubies/ruby-2.1.1/lib/ruby/2.1.0/webrick/httpserver.rb:138:in `service'
  /Users/admin/.rvm/rubies/ruby-2.1.1/lib/ruby/2.1.0/webrick/httpserver.rb:94:in `run'
  /Users/admin/.rvm/rubies/ruby-2.1.1/lib/ruby/2.1.0/webrick/server.rb:295:in `block in start_thread'



Started POST "/__better_errors/f11d2c03d3386d31/variables" for ::1 at 2015-06-10 23:37:46 -0500


Started GET "/" for ::1 at 2015-06-10 23:47:04 -0500
  [1m[36mActiveRecord::SchemaMigration Load (0.2ms)[0m  [1mSELECT "schema_migrations".* FROM "schema_migrations"[0m
Processing by VisitorsController#index as HTML
  [1m[35m (0.1ms)[0m  SELECT COUNT(*) FROM "users"
  Rendered visitors/index.html.erb within layouts/application (4.1ms)
  Rendered layouts/_navigation_links.html.erb (3.7ms)
  Rendered layouts/_navigation.html.erb (5.0ms)
  Rendered layouts/_messages.html.erb (0.4ms)
Completed 200 OK in 314ms (Views: 313.4ms | ActiveRecord: 0.4ms)


Started GET "/people" for ::1 at 2015-06-10 23:47:10 -0500
Processing by PeopleController#index as HTML
  [1m[36mPerson Load (0.2ms)[0m  [1mSELECT "people".* FROM "people"[0m
  Rendered people/index.html.erb within layouts/application (1.8ms)
  Rendered layouts/_navigation_links.html.erb (0.5ms)
  Rendered layouts/_navigation.html.erb (1.1ms)
  Rendered layouts/_messages.html.erb (0.0ms)
Completed 200 OK in 106ms (Views: 103.9ms | ActiveRecord: 0.2ms)


Started GET "/people" for ::1 at 2015-06-10 23:47:58 -0500
Processing by PeopleController#index as HTML
  [1m[35mPerson Load (0.3ms)[0m  SELECT "people".* FROM "people"
  Rendered people/index.html.erb within layouts/application (1.7ms)
  Rendered layouts/_navigation_links.html.erb (0.4ms)
  Rendered layouts/_navigation.html.erb (1.2ms)
  Rendered layouts/_messages.html.erb (0.0ms)
Completed 200 OK in 110ms (Views: 107.7ms | ActiveRecord: 0.4ms)


Started GET "/" for ::1 at 2015-06-10 23:48:01 -0500
Processing by VisitorsController#index as HTML
  [1m[36m (0.2ms)[0m  [1mSELECT COUNT(*) FROM "users"[0m
  Rendered visitors/index.html.erb within layouts/application (3.3ms)
  Rendered layouts/_navigation_links.html.erb (0.3ms)
  Rendered layouts/_navigation.html.erb (1.0ms)
  Rendered layouts/_messages.html.erb (0.1ms)
Completed 200 OK in 110ms (Views: 109.7ms | ActiveRecord: 0.6ms)


Started GET "/people" for ::1 at 2015-06-10 23:48:06 -0500
Processing by PeopleController#index as HTML
  [1m[35mPerson Load (0.1ms)[0m  SELECT "people".* FROM "people"
  Rendered people/index.html.erb within layouts/application (1.3ms)
  Rendered layouts/_navigation_links.html.erb (0.3ms)
  Rendered layouts/_navigation.html.erb (1.0ms)
  Rendered layouts/_messages.html.erb (0.0ms)
Completed 200 OK in 118ms (Views: 117.8ms | ActiveRecord: 0.1ms)


Started GET "/" for ::1 at 2015-06-10 23:50:05 -0500
  [1m[36mActiveRecord::SchemaMigration Load (0.2ms)[0m  [1mSELECT "schema_migrations".* FROM "schema_migrations"[0m
Processing by VisitorsController#index as HTML
  [1m[35m (0.1ms)[0m  SELECT COUNT(*) FROM "users"
  Rendered visitors/index.html.erb within layouts/application (2.9ms)
  Rendered layouts/_navigation_links.html.erb (3.6ms)
  Rendered layouts/_navigation.html.erb (4.6ms)
  Rendered layouts/_messages.html.erb (0.4ms)
Completed 200 OK in 271ms (Views: 270.2ms | ActiveRecord: 0.3ms)


Started GET "/people" for ::1 at 2015-06-10 23:50:09 -0500
Processing by PeopleController#index as HTML
  [1m[36mPerson Load (0.2ms)[0m  [1mSELECT "people".* FROM "people"[0m
  Rendered people/index.html.erb within layouts/application (3.4ms)
  Rendered layouts/_navigation_links.html.erb (0.4ms)
  Rendered layouts/_navigation.html.erb (1.2ms)
  Rendered layouts/_messages.html.erb (0.0ms)
Completed 500 Internal Server Error in 103ms (Views: 100.3ms | ActiveRecord: 0.3ms)

Pundit::AuthorizationNotPerformedError - Pundit::AuthorizationNotPerformedError:
  pundit (1.0.1) lib/pundit.rb:103:in `verify_authorized'
  activesupport (4.2.1) lib/active_support/callbacks.rb:432:in `block in make_lambda'
  activesupport (4.2.1) lib/active_support/callbacks.rb:239:in `block in halting'
  activesupport (4.2.1) lib/active_support/callbacks.rb:506:in `block in call'
  activesupport (4.2.1) lib/active_support/callbacks.rb:506:in `call'
  activesupport (4.2.1) lib/active_support/callbacks.rb:92:in `_run_callbacks'
  activesupport (4.2.1) lib/active_support/callbacks.rb:776:in `_run_process_action_callbacks'
  activesupport (4.2.1) lib/active_support/callbacks.rb:81:in `run_callbacks'
  actionpack (4.2.1) lib/abstract_controller/callbacks.rb:19:in `process_action'
  actionpack (4.2.1) lib/action_controller/metal/rescue.rb:29:in `process_action'
  actionpack (4.2.1) lib/action_controller/metal/instrumentation.rb:32:in `block in process_action'
  activesupport (4.2.1) lib/active_support/notifications.rb:164:in `block in instrument'
  activesupport (4.2.1) lib/active_support/notifications/instrumenter.rb:20:in `instrument'
  activesupport (4.2.1) lib/active_support/notifications.rb:164:in `instrument'
  actionpack (4.2.1) lib/action_controller/metal/instrumentation.rb:30:in `process_action'
  actionpack (4.2.1) lib/action_controller/metal/params_wrapper.rb:250:in `process_action'
  activerecord (4.2.1) lib/active_record/railties/controller_runtime.rb:18:in `process_action'
  actionpack (4.2.1) lib/abstract_controller/base.rb:137:in `process'
  actionview (4.2.1) lib/action_view/rendering.rb:30:in `process'
  actionpack (4.2.1) lib/action_controller/metal.rb:196:in `dispatch'
  actionpack (4.2.1) lib/action_controller/metal/rack_delegation.rb:13:in `dispatch'
  actionpack (4.2.1) lib/action_controller/metal.rb:237:in `block in action'
  actionpack (4.2.1) lib/action_dispatch/routing/route_set.rb:74:in `dispatch'
  actionpack (4.2.1) lib/action_dispatch/routing/route_set.rb:43:in `serve'
  actionpack (4.2.1) lib/action_dispatch/journey/router.rb:43:in `block in serve'
  actionpack (4.2.1) lib/action_dispatch/journey/router.rb:30:in `serve'
  actionpack (4.2.1) lib/action_dispatch/routing/route_set.rb:819:in `call'
  warden (1.2.3) lib/warden/manager.rb:35:in `block in call'
  warden (1.2.3) lib/warden/manager.rb:34:in `call'
  rack (1.6.1) lib/rack/etag.rb:24:in `call'
  rack (1.6.1) lib/rack/conditionalget.rb:25:in `call'
  rack (1.6.1) lib/rack/head.rb:13:in `call'
  actionpack (4.2.1) lib/action_dispatch/middleware/params_parser.rb:27:in `call'
  actionpack (4.2.1) lib/action_dispatch/middleware/flash.rb:260:in `call'
  rack (1.6.1) lib/rack/session/abstract/id.rb:225:in `context'
  rack (1.6.1) lib/rack/session/abstract/id.rb:220:in `call'
  actionpack (4.2.1) lib/action_dispatch/middleware/cookies.rb:560:in `call'
  activerecord (4.2.1) lib/active_record/query_cache.rb:36:in `call'
  activerecord (4.2.1) lib/active_record/connection_adapters/abstract/connection_pool.rb:649:in `call'
  activerecord (4.2.1) lib/active_record/migration.rb:378:in `call'
  actionpack (4.2.1) lib/action_dispatch/middleware/callbacks.rb:29:in `block in call'
  activesupport (4.2.1) lib/active_support/callbacks.rb:88:in `_run_callbacks'
  activesupport (4.2.1) lib/active_support/callbacks.rb:776:in `_run_call_callbacks'
  activesupport (4.2.1) lib/active_support/callbacks.rb:81:in `run_callbacks'
  actionpack (4.2.1) lib/action_dispatch/middleware/callbacks.rb:27:in `call'
  actionpack (4.2.1) lib/action_dispatch/middleware/reloader.rb:73:in `call'
  actionpack (4.2.1) lib/action_dispatch/middleware/remote_ip.rb:78:in `call'
  better_errors (2.1.1) lib/better_errors/middleware.rb:84:in `protected_app_call'
  better_errors (2.1.1) lib/better_errors/middleware.rb:79:in `better_errors_call'
  better_errors (2.1.1) lib/better_errors/middleware.rb:57:in `call'
  actionpack (4.2.1) lib/action_dispatch/middleware/debug_exceptions.rb:17:in `call'
  web-console (2.1.2) lib/web_console/middleware.rb:37:in `call'
  actionpack (4.2.1) lib/action_dispatch/middleware/show_exceptions.rb:30:in `call'
  railties (4.2.1) lib/rails/rack/logger.rb:38:in `call_app'
  railties (4.2.1) lib/rails/rack/logger.rb:20:in `block in call'
  activesupport (4.2.1) lib/active_support/tagged_logging.rb:68:in `block in tagged'
  activesupport (4.2.1) lib/active_support/tagged_logging.rb:26:in `tagged'
  activesupport (4.2.1) lib/active_support/tagged_logging.rb:68:in `tagged'
  railties (4.2.1) lib/rails/rack/logger.rb:20:in `call'
  quiet_assets (1.1.0) lib/quiet_assets.rb:27:in `call_with_quiet_assets'
  actionpack (4.2.1) lib/action_dispatch/middleware/request_id.rb:21:in `call'
  rack (1.6.1) lib/rack/methodoverride.rb:22:in `call'
  rack (1.6.1) lib/rack/runtime.rb:18:in `call'
  activesupport (4.2.1) lib/active_support/cache/strategy/local_cache_middleware.rb:28:in `call'
  rack (1.6.1) lib/rack/lock.rb:17:in `call'
  actionpack (4.2.1) lib/action_dispatch/middleware/static.rb:113:in `call'
  rack (1.6.1) lib/rack/sendfile.rb:113:in `call'
  railties (4.2.1) lib/rails/engine.rb:518:in `call'
  railties (4.2.1) lib/rails/application.rb:164:in `call'
  rack (1.6.1) lib/rack/lock.rb:17:in `call'
  rack (1.6.1) lib/rack/content_length.rb:15:in `call'
  rack (1.6.1) lib/rack/handler/webrick.rb:89:in `service'
  /Users/admin/.rvm/rubies/ruby-2.1.1/lib/ruby/2.1.0/webrick/httpserver.rb:138:in `service'
  /Users/admin/.rvm/rubies/ruby-2.1.1/lib/ruby/2.1.0/webrick/httpserver.rb:94:in `run'
  /Users/admin/.rvm/rubies/ruby-2.1.1/lib/ruby/2.1.0/webrick/server.rb:295:in `block in start_thread'



Started POST "/__better_errors/349a24628c737e2d/variables" for ::1 at 2015-06-10 23:50:09 -0500


Started GET "/" for ::1 at 2015-06-11 00:03:44 -0500
  [1m[36mActiveRecord::SchemaMigration Load (0.1ms)[0m  [1mSELECT "schema_migrations".* FROM "schema_migrations"[0m
Processing by VisitorsController#index as HTML
  [1m[35m (0.1ms)[0m  SELECT COUNT(*) FROM "users"
  Rendered visitors/index.html.erb within layouts/application (4.0ms)
  Rendered layouts/_navigation_links.html.erb (4.4ms)
  Rendered layouts/_navigation.html.erb (5.7ms)
  Rendered layouts/_messages.html.erb (0.4ms)
Completed 200 OK in 324ms (Views: 323.1ms | ActiveRecord: 0.3ms)


Started GET "/users/sign_in" for ::1 at 2015-06-11 00:03:51 -0500
Processing by Devise::SessionsController#new as HTML
  Rendered devise/sessions/new.html.erb within layouts/application (38.6ms)
  Rendered layouts/_navigation_links.html.erb (0.3ms)
  Rendered layouts/_navigation.html.erb (1.2ms)
  Rendered layouts/_messages.html.erb (0.1ms)
Completed 200 OK in 168ms (Views: 141.3ms | ActiveRecord: 0.3ms)


Started GET "/users/index" for ::1 at 2015-06-11 00:03:56 -0500
Processing by UsersController#show as HTML
  Parameters: {"id"=>"index"}
Completed 401 Unauthorized in 1ms (ActiveRecord: 0.0ms)


Started GET "/users/sign_in" for ::1 at 2015-06-11 00:03:56 -0500
Processing by Devise::SessionsController#new as HTML
  Rendered devise/sessions/new.html.erb within layouts/application (1.6ms)
  Rendered layouts/_navigation_links.html.erb (0.4ms)
  Rendered layouts/_navigation.html.erb (1.3ms)
  Rendered layouts/_messages.html.erb (0.1ms)
Completed 200 OK in 158ms (Views: 157.3ms | ActiveRecord: 0.0ms)


Started GET "/people" for ::1 at 2015-06-11 00:04:05 -0500
Processing by PeopleController#index as HTML
  [1m[36mPerson Load (0.2ms)[0m  [1mSELECT "people".* FROM "people"[0m
  Rendered people/index.html.erb within layouts/application (2.2ms)
  Rendered layouts/_navigation_links.html.erb (0.5ms)
  Rendered layouts/_navigation.html.erb (1.3ms)
  Rendered layouts/_messages.html.erb (0.0ms)
Completed 500 Internal Server Error in 126ms (Views: 123.1ms | ActiveRecord: 0.2ms)

Pundit::AuthorizationNotPerformedError - Pundit::AuthorizationNotPerformedError:
  pundit (1.0.1) lib/pundit.rb:103:in `verify_authorized'
  activesupport (4.2.1) lib/active_support/callbacks.rb:432:in `block in make_lambda'
  activesupport (4.2.1) lib/active_support/callbacks.rb:239:in `block in halting'
  activesupport (4.2.1) lib/active_support/callbacks.rb:506:in `block in call'
  activesupport (4.2.1) lib/active_support/callbacks.rb:506:in `call'
  activesupport (4.2.1) lib/active_support/callbacks.rb:92:in `_run_callbacks'
  activesupport (4.2.1) lib/active_support/callbacks.rb:776:in `_run_process_action_callbacks'
  activesupport (4.2.1) lib/active_support/callbacks.rb:81:in `run_callbacks'
  actionpack (4.2.1) lib/abstract_controller/callbacks.rb:19:in `process_action'
  actionpack (4.2.1) lib/action_controller/metal/rescue.rb:29:in `process_action'
  actionpack (4.2.1) lib/action_controller/metal/instrumentation.rb:32:in `block in process_action'
  activesupport (4.2.1) lib/active_support/notifications.rb:164:in `block in instrument'
  activesupport (4.2.1) lib/active_support/notifications/instrumenter.rb:20:in `instrument'
  activesupport (4.2.1) lib/active_support/notifications.rb:164:in `instrument'
  actionpack (4.2.1) lib/action_controller/metal/instrumentation.rb:30:in `process_action'
  actionpack (4.2.1) lib/action_controller/metal/params_wrapper.rb:250:in `process_action'
  activerecord (4.2.1) lib/active_record/railties/controller_runtime.rb:18:in `process_action'
  actionpack (4.2.1) lib/abstract_controller/base.rb:137:in `process'
  actionview (4.2.1) lib/action_view/rendering.rb:30:in `process'
  actionpack (4.2.1) lib/action_controller/metal.rb:196:in `dispatch'
  actionpack (4.2.1) lib/action_controller/metal/rack_delegation.rb:13:in `dispatch'
  actionpack (4.2.1) lib/action_controller/metal.rb:237:in `block in action'
  actionpack (4.2.1) lib/action_dispatch/routing/route_set.rb:74:in `dispatch'
  actionpack (4.2.1) lib/action_dispatch/routing/route_set.rb:43:in `serve'
  actionpack (4.2.1) lib/action_dispatch/journey/router.rb:43:in `block in serve'
  actionpack (4.2.1) lib/action_dispatch/journey/router.rb:30:in `serve'
  actionpack (4.2.1) lib/action_dispatch/routing/route_set.rb:819:in `call'
  warden (1.2.3) lib/warden/manager.rb:35:in `block in call'
  warden (1.2.3) lib/warden/manager.rb:34:in `call'
  rack (1.6.1) lib/rack/etag.rb:24:in `call'
  rack (1.6.1) lib/rack/conditionalget.rb:25:in `call'
  rack (1.6.1) lib/rack/head.rb:13:in `call'
  actionpack (4.2.1) lib/action_dispatch/middleware/params_parser.rb:27:in `call'
  actionpack (4.2.1) lib/action_dispatch/middleware/flash.rb:260:in `call'
  rack (1.6.1) lib/rack/session/abstract/id.rb:225:in `context'
  rack (1.6.1) lib/rack/session/abstract/id.rb:220:in `call'
  actionpack (4.2.1) lib/action_dispatch/middleware/cookies.rb:560:in `call'
  activerecord (4.2.1) lib/active_record/query_cache.rb:36:in `call'
  activerecord (4.2.1) lib/active_record/connection_adapters/abstract/connection_pool.rb:649:in `call'
  activerecord (4.2.1) lib/active_record/migration.rb:378:in `call'
  actionpack (4.2.1) lib/action_dispatch/middleware/callbacks.rb:29:in `block in call'
  activesupport (4.2.1) lib/active_support/callbacks.rb:88:in `_run_callbacks'
  activesupport (4.2.1) lib/active_support/callbacks.rb:776:in `_run_call_callbacks'
  activesupport (4.2.1) lib/active_support/callbacks.rb:81:in `run_callbacks'
  actionpack (4.2.1) lib/action_dispatch/middleware/callbacks.rb:27:in `call'
  actionpack (4.2.1) lib/action_dispatch/middleware/reloader.rb:73:in `call'
  actionpack (4.2.1) lib/action_dispatch/middleware/remote_ip.rb:78:in `call'
  better_errors (2.1.1) lib/better_errors/middleware.rb:84:in `protected_app_call'
  better_errors (2.1.1) lib/better_errors/middleware.rb:79:in `better_errors_call'
  better_errors (2.1.1) lib/better_errors/middleware.rb:57:in `call'
  actionpack (4.2.1) lib/action_dispatch/middleware/debug_exceptions.rb:17:in `call'
  web-console (2.1.2) lib/web_console/middleware.rb:37:in `call'
  actionpack (4.2.1) lib/action_dispatch/middleware/show_exceptions.rb:30:in `call'
  railties (4.2.1) lib/rails/rack/logger.rb:38:in `call_app'
  railties (4.2.1) lib/rails/rack/logger.rb:20:in `block in call'
  activesupport (4.2.1) lib/active_support/tagged_logging.rb:68:in `block in tagged'
  activesupport (4.2.1) lib/active_support/tagged_logging.rb:26:in `tagged'
  activesupport (4.2.1) lib/active_support/tagged_logging.rb:68:in `tagged'
  railties (4.2.1) lib/rails/rack/logger.rb:20:in `call'
  quiet_assets (1.1.0) lib/quiet_assets.rb:27:in `call_with_quiet_assets'
  actionpack (4.2.1) lib/action_dispatch/middleware/request_id.rb:21:in `call'
  rack (1.6.1) lib/rack/methodoverride.rb:22:in `call'
  rack (1.6.1) lib/rack/runtime.rb:18:in `call'
  activesupport (4.2.1) lib/active_support/cache/strategy/local_cache_middleware.rb:28:in `call'
  rack (1.6.1) lib/rack/lock.rb:17:in `call'
  actionpack (4.2.1) lib/action_dispatch/middleware/static.rb:113:in `call'
  rack (1.6.1) lib/rack/sendfile.rb:113:in `call'
  railties (4.2.1) lib/rails/engine.rb:518:in `call'
  railties (4.2.1) lib/rails/application.rb:164:in `call'
  rack (1.6.1) lib/rack/lock.rb:17:in `call'
  rack (1.6.1) lib/rack/content_length.rb:15:in `call'
  rack (1.6.1) lib/rack/handler/webrick.rb:89:in `service'
  /Users/admin/.rvm/rubies/ruby-2.1.1/lib/ruby/2.1.0/webrick/httpserver.rb:138:in `service'
  /Users/admin/.rvm/rubies/ruby-2.1.1/lib/ruby/2.1.0/webrick/httpserver.rb:94:in `run'
  /Users/admin/.rvm/rubies/ruby-2.1.1/lib/ruby/2.1.0/webrick/server.rb:295:in `block in start_thread'



Started POST "/__better_errors/30b43da67102f5f8/variables" for ::1 at 2015-06-11 00:04:05 -0500


Started GET "/users/sign_in" for ::1 at 2015-06-11 00:04:26 -0500
Processing by Devise::SessionsController#new as HTML
  Rendered devise/sessions/new.html.erb within layouts/application (1.9ms)
  Rendered layouts/_navigation_links.html.erb (0.3ms)
  Rendered layouts/_navigation.html.erb (1.0ms)
  Rendered layouts/_messages.html.erb (0.1ms)
Completed 200 OK in 120ms (Views: 118.7ms | ActiveRecord: 0.0ms)


Started GET "/" for ::1 at 2015-06-11 00:04:28 -0500
Processing by VisitorsController#index as HTML
  [1m[35m (0.1ms)[0m  SELECT COUNT(*) FROM "users"
  Rendered visitors/index.html.erb within layouts/application (0.9ms)
  Rendered layouts/_navigation_links.html.erb (0.3ms)
  Rendered layouts/_navigation.html.erb (1.0ms)
  Rendered layouts/_messages.html.erb (0.1ms)
Completed 200 OK in 118ms (Views: 117.9ms | ActiveRecord: 0.1ms)


Started GET "/statics/home" for ::1 at 2015-06-11 00:04:33 -0500
Processing by StaticsController#home as HTML
  Rendered statics/home.html.erb within layouts/application (0.3ms)
  Rendered layouts/_navigation_links.html.erb (0.5ms)
  Rendered layouts/_navigation.html.erb (1.6ms)
  Rendered layouts/_messages.html.erb (0.1ms)
Completed 200 OK in 110ms (Views: 109.7ms | ActiveRecord: 0.0ms)


Started GET "/" for ::1 at 2015-06-11 00:11:30 -0500
  [1m[36mActiveRecord::SchemaMigration Load (0.2ms)[0m  [1mSELECT "schema_migrations".* FROM "schema_migrations"[0m
Processing by VisitorsController#index as HTML
  [1m[35m (0.1ms)[0m  SELECT COUNT(*) FROM "users"
  Rendered visitors/index.html.erb within layouts/application (3.0ms)
  Rendered layouts/_navigation_links.html.erb (3.6ms)
  Rendered layouts/_navigation.html.erb (4.7ms)
  Rendered layouts/_messages.html.erb (0.4ms)
Completed 200 OK in 282ms (Views: 281.6ms | ActiveRecord: 0.3ms)


Started GET "/statics/home" for ::1 at 2015-06-11 00:11:35 -0500
Processing by StaticsController#home as HTML
  Rendered statics/home.html.erb within layouts/application (0.3ms)
  Rendered layouts/_navigation_links.html.erb (0.4ms)
  Rendered layouts/_navigation.html.erb (1.8ms)
  Rendered layouts/_messages.html.erb (0.1ms)
Completed 200 OK in 98ms (Views: 97.9ms | ActiveRecord: 0.0ms)
  [1m[36mActiveRecord::SchemaMigration Load (0.1ms)[0m  [1mSELECT "schema_migrations".* FROM "schema_migrations"[0m
Migrating to CreateRoleTypes (20150611051945)
  [1m[35m (0.2ms)[0m  begin transaction
  [1m[36m (0.5ms)[0m  [1mCREATE TABLE "role_types" ("id" INTEGER PRIMARY KEY AUTOINCREMENT NOT NULL, "roleName" varchar, "created_at" datetime NOT NULL, "updated_at" datetime NOT NULL) [0m
  [1m[35mSQL (0.2ms)[0m  INSERT INTO "schema_migrations" ("version") VALUES (?)  [["version", "20150611051945"]]
  [1m[36m (0.7ms)[0m  [1mcommit transaction[0m
  [1m[35mActiveRecord::SchemaMigration Load (0.1ms)[0m  SELECT "schema_migrations".* FROM "schema_migrations"
  [1m[36m (0.2ms)[0m  [1m            SELECT sql
            FROM sqlite_master
            WHERE name='index_users_on_invited_by_id' AND type='index'
            UNION ALL
            SELECT sql
            FROM sqlite_temp_master
            WHERE name='index_users_on_invited_by_id' AND type='index'
[0m
  [1m[35m (0.1ms)[0m              SELECT sql
            FROM sqlite_master
            WHERE name='index_users_on_invitation_token' AND type='index'
            UNION ALL
            SELECT sql
            FROM sqlite_temp_master
            WHERE name='index_users_on_invitation_token' AND type='index'

  [1m[36m (0.1ms)[0m  [1m            SELECT sql
            FROM sqlite_master
            WHERE name='index_users_on_invitations_count' AND type='index'
            UNION ALL
            SELECT sql
            FROM sqlite_temp_master
            WHERE name='index_users_on_invitations_count' AND type='index'
[0m
  [1m[35m (0.1ms)[0m              SELECT sql
            FROM sqlite_master
            WHERE name='index_users_on_reset_password_token' AND type='index'
            UNION ALL
            SELECT sql
            FROM sqlite_temp_master
            WHERE name='index_users_on_reset_password_token' AND type='index'

  [1m[36m (0.1ms)[0m  [1m            SELECT sql
            FROM sqlite_master
            WHERE name='index_users_on_email' AND type='index'
            UNION ALL
            SELECT sql
            FROM sqlite_temp_master
            WHERE name='index_users_on_email' AND type='index'
[0m


Started GET "/" for ::1 at 2015-06-11 00:20:18 -0500
  [1m[36mActiveRecord::SchemaMigration Load (0.1ms)[0m  [1mSELECT "schema_migrations".* FROM "schema_migrations"[0m
Processing by VisitorsController#index as HTML
  [1m[35m (0.2ms)[0m  SELECT COUNT(*) FROM "users"
  Rendered visitors/index.html.erb within layouts/application (3.6ms)
  Rendered layouts/_navigation_links.html.erb (3.5ms)
  Rendered layouts/_navigation.html.erb (4.6ms)
  Rendered layouts/_messages.html.erb (0.3ms)
Completed 200 OK in 485ms (Views: 484.4ms | ActiveRecord: 0.4ms)


Started GET "/role_types" for ::1 at 2015-06-11 00:20:23 -0500
Processing by RoleTypesController#index as HTML
  [1m[36mRoleType Load (0.2ms)[0m  [1mSELECT "role_types".* FROM "role_types"[0m
  Rendered role_types/index.html.erb within layouts/application (1.9ms)
  Rendered layouts/_navigation_links.html.erb (0.4ms)
  Rendered layouts/_navigation.html.erb (1.1ms)
  Rendered layouts/_messages.html.erb (0.0ms)
Completed 200 OK in 132ms (Views: 130.0ms | ActiveRecord: 0.2ms)
